0 info it worked if it ends with ok
1 verbose cli [ '/usr/local/bin/node',
1 verbose cli   '/usr/local/bin/npm',
1 verbose cli   'install',
1 verbose cli   '-g',
1 verbose cli   'nodemon' ]
2 info using npm@1.4.14
3 info using node@v0.10.29
4 verbose node symlink /usr/local/bin/node
5 verbose cache add [ 'nodemon', null ]
6 verbose cache add name=undefined spec="nodemon" args=["nodemon",null]
7 verbose parsed url { protocol: null,
7 verbose parsed url   slashes: null,
7 verbose parsed url   auth: null,
7 verbose parsed url   host: null,
7 verbose parsed url   port: null,
7 verbose parsed url   hostname: null,
7 verbose parsed url   hash: null,
7 verbose parsed url   search: null,
7 verbose parsed url   query: null,
7 verbose parsed url   pathname: 'nodemon',
7 verbose parsed url   path: 'nodemon',
7 verbose parsed url   href: 'nodemon' }
8 silly lockFile 1625b929-nodemon nodemon
9 verbose lock nodemon /home/vagrant/.npm/1625b929-nodemon.lock
10 silly lockFile 1625b929-nodemon nodemon
11 silly lockFile 1625b929-nodemon nodemon
12 verbose addNamed [ 'nodemon', '' ]
13 verbose addNamed [ null, '*' ]
14 silly lockFile 4f5e51c6-nodemon nodemon@
15 verbose lock nodemon@ /home/vagrant/.npm/4f5e51c6-nodemon.lock
16 silly addNameRange { name: 'nodemon', range: '*', hasData: false }
17 verbose url raw nodemon
18 verbose url resolving [ 'https://registry.npmjs.org/', './nodemon' ]
19 verbose url resolved https://registry.npmjs.org/nodemon
20 info trying registry request attempt 1 at 23:21:38
21 http GET https://registry.npmjs.org/nodemon
22 http 200 https://registry.npmjs.org/nodemon
23 silly registry.get cb [ 200,
23 silly registry.get   { date: 'Mon, 30 Mar 2015 23:21:38 GMT',
23 silly registry.get     server: 'CouchDB/1.5.0 (Erlang OTP/R16B03)',
23 silly registry.get     etag: '"5NWXJRENZO0789E5DAP2VBA75"',
23 silly registry.get     'content-type': 'application/json',
23 silly registry.get     'cache-control': 'max-age=60',
23 silly registry.get     'content-length': '146407',
23 silly registry.get     'accept-ranges': 'bytes',
23 silly registry.get     via: '1.1 varnish',
23 silly registry.get     age: '0',
23 silly registry.get     'x-served-by': 'cache-sjc3130-SJC',
23 silly registry.get     'x-cache': 'HIT',
23 silly registry.get     'x-cache-hits': '1',
23 silly registry.get     'x-timer': 'S1427757698.717652,VS0,VE34',
23 silly registry.get     vary: 'Accept',
23 silly registry.get     'keep-alive': 'timeout=10, max=50',
23 silly registry.get     connection: 'Keep-Alive' } ]
24 silly addNameRange number 2 { name: 'nodemon', range: '*', hasData: true }
25 silly addNameRange versions [ 'nodemon',
25 silly addNameRange   [ '0.1.4',
25 silly addNameRange     '0.1.5',
25 silly addNameRange     '0.1.6',
25 silly addNameRange     '0.1.7',
25 silly addNameRange     '0.1.8',
25 silly addNameRange     '0.2.0',
25 silly addNameRange     '0.2.1',
25 silly addNameRange     '0.2.2',
25 silly addNameRange     '0.3.0',
25 silly addNameRange     '0.3.1',
25 silly addNameRange     '0.3.2',
25 silly addNameRange     '0.4.0',
25 silly addNameRange     '0.4.1',
25 silly addNameRange     '0.5.0',
25 silly addNameRange     '0.5.1',
25 silly addNameRange     '0.5.2',
25 silly addNameRange     '0.5.3',
25 silly addNameRange     '0.5.4',
25 silly addNameRange     '0.5.5',
25 silly addNameRange     '0.5.6',
25 silly addNameRange     '0.5.7',
25 silly addNameRange     '0.6.0',
25 silly addNameRange     '0.6.1',
25 silly addNameRange     '0.6.2',
25 silly addNameRange     '0.6.3',
25 silly addNameRange     '0.6.4',
25 silly addNameRange     '0.6.5',
25 silly addNameRange     '0.6.6',
25 silly addNameRange     '0.6.7',
25 silly addNameRange     '0.6.8',
25 silly addNameRange     '0.6.9',
25 silly addNameRange     '0.6.10',
25 silly addNameRange     '0.6.11',
25 silly addNameRange     '0.6.12',
25 silly addNameRange     '0.6.13',
25 silly addNameRange     '0.6.14',
25 silly addNameRange     '0.6.15',
25 silly addNameRange     '0.6.16',
25 silly addNameRange     '0.6.17',
25 silly addNameRange     '0.6.18',
25 silly addNameRange     '0.6.19',
25 silly addNameRange     '0.6.20',
25 silly addNameRange     '0.6.21',
25 silly addNameRange     '0.6.22',
25 silly addNameRange     '0.6.23',
25 silly addNameRange     '0.7.0',
25 silly addNameRange     '0.7.1',
25 silly addNameRange     '0.7.2',
25 silly addNameRange     '0.7.3',
25 silly addNameRange     '0.7.4',
25 silly addNameRange     '0.7.5',
25 silly addNameRange     '0.7.6',
25 silly addNameRange     '0.7.7',
25 silly addNameRange     '0.7.8',
25 silly addNameRange     '0.7.10',
25 silly addNameRange     '0.9.0',
25 silly addNameRange     '0.9.1',
25 silly addNameRange     '0.9.2',
25 silly addNameRange     '0.9.3',
25 silly addNameRange     '0.9.5',
25 silly addNameRange     '0.9.6',
25 silly addNameRange     '0.9.7',
25 silly addNameRange     '0.9.10',
25 silly addNameRange     '0.9.11',
25 silly addNameRange     '0.9.12',
25 silly addNameRange     '0.9.14',
25 silly addNameRange     '0.9.16',
25 silly addNameRange     '0.9.17',
25 silly addNameRange     '1.0.0',
25 silly addNameRange     '1.0.1',
25 silly addNameRange     '1.0.2',
25 silly addNameRange     '1.0.2-rc',
25 silly addNameRange     '0.6.10-a',
25 silly addNameRange     '1.0.2-rc3',
25 silly addNameRange     '1.0.2-rc4',
25 silly addNameRange     '1.0.3',
25 silly addNameRange     '1.0.4',
25 silly addNameRange     '1.0.5',
25 silly addNameRange     '1.0.6',
25 silly addNameRange     '1.0.7',
25 silly addNameRange     '1.0.8',
25 silly addNameRange     '1.0.9',
25 silly addNameRange     '1.0.10',
25 silly addNameRange     '1.0.11',
25 silly addNameRange     '1.0.12',
25 silly addNameRange     '1.0.13',
25 silly addNameRange     '1.0.14',
25 silly addNameRange     '1.0.15',
25 silly addNameRange     '1.0.16',
25 silly addNameRange     '1.0.17-rc1',
25 silly addNameRange     '1.0.17-rc2',
25 silly addNameRange     '1.0.17',
25 silly addNameRange     '1.0.18',
25 silly addNameRange     '1.0.19',
25 silly addNameRange     '1.0.20',
25 silly addNameRange     '1.1.0-alpha',
25 silly addNameRange     '1.1.0',
25 silly addNameRange     '1.1.1',
25 silly addNameRange     '1.2.0',
25 silly addNameRange     '1.2.1',
25 silly addNameRange     '1.3.0-0',
25 silly addNameRange     '1.3.0-1',
25 silly addNameRange     '1.3.0-2',
25 silly addNameRange     '1.3.0-3',
25 silly addNameRange     '1.3.0-4',
25 silly addNameRange     '1.3.0-5',
25 silly addNameRange     '1.3.0-6',
25 silly addNameRange     '1.3.0-7',
25 silly addNameRange     '1.3.0',
25 silly addNameRange     '1.3.1',
25 silly addNameRange     '1.3.2',
25 silly addNameRange     '1.3.3',
25 silly addNameRange     '1.3.5',
25 silly addNameRange     '1.3.6',
25 silly addNameRange     '1.3.7' ] ]
26 verbose addNamed [ 'nodemon', '1.3.7' ]
27 verbose addNamed [ '1.3.7', '1.3.7' ]
28 silly lockFile fec6bbf0-nodemon-1-3-7 nodemon@1.3.7
29 verbose lock nodemon@1.3.7 /home/vagrant/.npm/fec6bbf0-nodemon-1-3-7.lock
30 silly lockFile bcea1563-js-org-nodemon-nodemon-1-3-7-tgz https://registry.npmjs.org/nodemon/-/nodemon-1.3.7.tgz
31 verbose lock https://registry.npmjs.org/nodemon/-/nodemon-1.3.7.tgz /home/vagrant/.npm/bcea1563-js-org-nodemon-nodemon-1-3-7-tgz.lock
32 verbose addRemoteTarball [ 'https://registry.npmjs.org/nodemon/-/nodemon-1.3.7.tgz',
32 verbose addRemoteTarball   '447bc2e01bf499cbf5853f9937496e0a04835449' ]
33 info retry fetch attempt 1 at 23:21:38
34 verbose fetch to= /home/vagrant/tmp/npm-5890-jfeQaYAU/registry.npmjs.org/nodemon/-/nodemon-1.3.7.tgz
35 http GET https://registry.npmjs.org/nodemon/-/nodemon-1.3.7.tgz
36 http 200 https://registry.npmjs.org/nodemon/-/nodemon-1.3.7.tgz
37 silly lockFile bcea1563-js-org-nodemon-nodemon-1-3-7-tgz https://registry.npmjs.org/nodemon/-/nodemon-1.3.7.tgz
38 silly lockFile bcea1563-js-org-nodemon-nodemon-1-3-7-tgz https://registry.npmjs.org/nodemon/-/nodemon-1.3.7.tgz
39 silly lockFile fec6bbf0-nodemon-1-3-7 nodemon@1.3.7
40 silly lockFile fec6bbf0-nodemon-1-3-7 nodemon@1.3.7
41 silly lockFile 4f5e51c6-nodemon nodemon@
42 silly lockFile 4f5e51c6-nodemon nodemon@
43 silly resolved [ { name: 'nodemon',
43 silly resolved     homepage: 'http://nodemon.io',
43 silly resolved     author: { name: 'Remy Sharp', url: 'http://github.com/remy' },
43 silly resolved     bin: { nodemon: './bin/nodemon.js' },
43 silly resolved     engines: { node: '>=0.8' },
43 silly resolved     repository: { type: 'git', url: 'http://github.com/remy/nodemon.git' },
43 silly resolved     description: 'Simple monitor script for use during development of a node.js app.',
43 silly resolved     keywords:
43 silly resolved      [ 'monitor',
43 silly resolved        'development',
43 silly resolved        'restart',
43 silly resolved        'autoload',
43 silly resolved        'reload',
43 silly resolved        'terminal' ],
43 silly resolved     version: '1.3.7',
43 silly resolved     preferGlobal: 'true',
43 silly resolved     licenses: [ [Object] ],
43 silly resolved     main: './lib/nodemon',
43 silly resolved     scripts:
43 silly resolved      { coverage: 'istanbul cover _mocha -- --timeout 30000 --ui bdd --reporter list test/**/*.test.js',
43 silly resolved        ':test': 'mocha --timeout 30000 --ui bdd test/**/*.test.js',
43 silly resolved        test: 'for FILE in test/**/*.test.js; do echo $FILE; ./node_modules/.bin/mocha --timeout 30000 $FILE; if [ $? -ne 0 ]; then exit 1; fi; sleep 1; done',
43 silly resolved        web: 'node web' },
43 silly resolved     devDependencies:
43 silly resolved      { 'coffee-script': '~1.7.1',
43 silly resolved        connect: '~2.19.1',
43 silly resolved        istanbul: '~0.2.10',
43 silly resolved        mocha: '^2.0.1',
43 silly resolved        should: '~4.0.0' },
43 silly resolved     dependencies:
43 silly resolved      { minimatch: '~0.3.0',
43 silly resolved        'ps-tree': '~0.0.3',
43 silly resolved        touch: '~0.0.3',
43 silly resolved        'update-notifier': '^0.3.0' },
43 silly resolved     gitHead: 'ceb53ce403f7b5a39ba4c133f73fe780e472209e',
43 silly resolved     bugs: { url: 'https://github.com/remy/nodemon/issues' },
43 silly resolved     _id: 'nodemon@1.3.7',
43 silly resolved     _shasum: '447bc2e01bf499cbf5853f9937496e0a04835449',
43 silly resolved     _from: 'nodemon@',
43 silly resolved     _npmVersion: '1.4.28',
43 silly resolved     _npmUser: { name: 'remy', email: 'remy@remysharp.com' },
43 silly resolved     maintainers: [ [Object] ],
43 silly resolved     dist:
43 silly resolved      { shasum: '447bc2e01bf499cbf5853f9937496e0a04835449',
43 silly resolved        tarball: 'http://registry.npmjs.org/nodemon/-/nodemon-1.3.7.tgz' },
43 silly resolved     directories: {},
43 silly resolved     _resolved: 'https://registry.npmjs.org/nodemon/-/nodemon-1.3.7.tgz' } ]
44 info install nodemon@1.3.7 into /usr/local/lib
45 info installOne nodemon@1.3.7
46 info /usr/local/lib/node_modules/nodemon unbuild
47 verbose tar unpack /home/vagrant/.npm/nodemon/1.3.7/package.tgz
48 silly lockFile 15c6d46c-r-local-lib-node-modules-nodemon tar:///usr/local/lib/node_modules/nodemon
49 verbose lock tar:///usr/local/lib/node_modules/nodemon /home/vagrant/.npm/15c6d46c-r-local-lib-node-modules-nodemon.lock
50 silly lockFile 4ddbb0ce-nt-npm-nodemon-1-3-7-package-tgz tar:///home/vagrant/.npm/nodemon/1.3.7/package.tgz
51 verbose lock tar:///home/vagrant/.npm/nodemon/1.3.7/package.tgz /home/vagrant/.npm/4ddbb0ce-nt-npm-nodemon-1-3-7-package-tgz.lock
52 silly gunzTarPerm modes [ '755', '644' ]
53 error Error: EACCES, mkdir '/usr/local/lib/node_modules'
53 error  { [Error: EACCES, mkdir '/usr/local/lib/node_modules']
53 error   errno: 3,
53 error   code: 'EACCES',
53 error   path: '/usr/local/lib/node_modules',
53 error   fstream_type: 'Directory',
53 error   fstream_path: '/usr/local/lib/node_modules/nodemon',
53 error   fstream_class: 'DirWriter',
53 error   fstream_stack:
53 error    [ '/opt/node-v0.10.29-linux-x86/lib/node_modules/npm/node_modules/fstream/lib/writer.js:171:23',
53 error      '/opt/node-v0.10.29-linux-x86/lib/node_modules/npm/node_modules/mkdirp/index.js:37:53',
53 error      'Object.oncomplete (fs.js:107:15)' ] }
54 error Please try running this command again as root/Administrator.
55 error System Linux 3.2.0-23-generic-pae
56 error command "/usr/local/bin/node" "/usr/local/bin/npm" "install" "-g" "nodemon"
57 error cwd /home/vagrant/app/Express
58 error node -v v0.10.29
59 error npm -v 1.4.14
60 error path /usr/local/lib/node_modules
61 error fstream_path /usr/local/lib/node_modules/nodemon
62 error fstream_type Directory
63 error fstream_class DirWriter
64 error code EACCES
65 error errno 3
66 error stack Error: EACCES, mkdir '/usr/local/lib/node_modules'
67 error fstream_stack /opt/node-v0.10.29-linux-x86/lib/node_modules/npm/node_modules/fstream/lib/writer.js:171:23
67 error fstream_stack /opt/node-v0.10.29-linux-x86/lib/node_modules/npm/node_modules/mkdirp/index.js:37:53
67 error fstream_stack Object.oncomplete (fs.js:107:15)
68 verbose exit [ 3, true ]
